########### array before sorts ###########
0	0.000000	0.000000	0.000000	68.580000	n
1	0.000000	68.580000	81.280000	68.580000	n
2	81.280000	68.580000	81.280000	0.000000	n
3	81.280000	0.000000	0.000000	0.000000	n
Tolerance=0.050000.
*Exact match for i=0 and j=1.
*i point 0.000000	0.000000	0.000000	68.580000	y
*Exact match for i=1 and j=2.
*i point 0.000000	68.580000	81.280000	68.580000	y
*Exact match for i=2 and j=3.
*i point 81.280000	68.580000	81.280000	0.000000	y
########### array after sorts ###########
0	0.000000	0.000000	0.000000	68.580000	y
1	0.000000	68.580000	81.280000	68.580000	y
2	81.280000	68.580000	81.280000	0.000000	y
3	81.280000	0.000000	0.000000	0.000000	y
***************
.BOARD_OUTLINE UNOWNED
1.6
0     0.000000     0.000000     0
0     0.000000     68.580000     0
0     81.280000     68.580000     0
0     81.280000     0.000000     0
0     0.000000     0.000000     0
